    ClockOn
    
        ResetPosition
    
        controlWidth
    
        desiredAngle
    
        intVal
    
        matrixRows
    
        propVal
    
        MMBS1_ID
    
        SSTM1_ID
    
        SYNC1_ID
    
        TRCK1_ID1
    
        TRCK1_ID2
    
        TRCK1_ID3
    
        TRLS1_ID4
    
        TRLS1_ID5
    
        slotTime
    
    reqAngle
Gamma1
steering
position
control
SI_FreeHeap
SI_FreeStack
delta12K
t2Angle
t1Angle
Gamma2
mospeed
analogPot1
pot1
analogPot2
pot2
testCounter
SI_CPUload
buttonpress2
buttonpress1
amounttrailers
positionID5
positionID4
local_ticks_interrupt
setSlotTime
slotSelected
masterID
boolCan
cw
ccw
canActive
