   1              		.cpu cortex-m4
   2              		.arch armv7e-m
   3              		.fpu fpv4-sp-d16
   4              		.eabi_attribute 27, 1
   5              		.eabi_attribute 20, 1
   6              		.eabi_attribute 21, 1
   7              		.eabi_attribute 23, 3
   8              		.eabi_attribute 24, 1
   9              		.eabi_attribute 25, 1
  10              		.eabi_attribute 26, 1
  11              		.eabi_attribute 30, 2
  12              		.eabi_attribute 34, 1
  13              		.eabi_attribute 18, 4
  14              		.file	"HANcoder_E407_TTA_CombineModel_V2_data.c"
  15              		.text
  16              	.Ltext0:
  17              		.cfi_sections	.debug_frame
  18              		.file 1 "HANcoder_E407_TTA_CombineModel_V2_data.c"
  19              		.global	rtConstP
  20              		.section	.rodata.rtConstP,"a"
  21              		.align	2
  24              	rtConstP:
  25 0000 00010000 		.ascii	"\000\001\000\000\001\001\000\000\001\000\001\001\000"
  25      01010000 
  25      01000101 
  25      00
  26 000d 000000   		.ascii	"\000\000\000"
  27              		.global	rtConstB
  28              		.section	.rodata.rtConstB,"a"
  29              		.align	3
  32              	rtConstB:
  33 0000 00000000 		.word	0
  34 0004 0000F03F 		.word	1072693248
  35 0008 00000000 		.word	0
  36 000c 0000F03F 		.word	1072693248
  37 0010 000000C0 		.word	-1073741824
  38 0014 CCCCF43F 		.word	1073007820
  39 0018 00000000 		.word	0
  40 001c 0000F03F 		.word	1072693248
  41              		.text
  42              	.Letext0:
  43              		.file 2 "rtwtypes.h"
  44              		.file 3 "c:\\program files (x86)\\arm gnu toolchain arm-none-eabi\\12.2 rel1\\arm-none-eabi\\inclu
  45              		.file 4 "c:\\program files (x86)\\arm gnu toolchain arm-none-eabi\\12.2 rel1\\arm-none-eabi\\inclu
  46              		.file 5 "HANcoder_E407_TTA_CombineModel_V2.h"
DEFINED SYMBOLS
                            *ABS*:00000000 HANcoder_E407_TTA_CombineModel_V2_data.c
C:\Users\luukr\AppData\Local\Temp\cc4uJ0SR.s:24     .rodata.rtConstP:00000000 rtConstP
C:\Users\luukr\AppData\Local\Temp\cc4uJ0SR.s:21     .rodata.rtConstP:00000000 $d
C:\Users\luukr\AppData\Local\Temp\cc4uJ0SR.s:32     .rodata.rtConstB:00000000 rtConstB
C:\Users\luukr\AppData\Local\Temp\cc4uJ0SR.s:29     .rodata.rtConstB:00000000 $d

NO UNDEFINED SYMBOLS
