    ClockOn
    
        controlWidth
    
        desiredAngle
    
        intVal
    
        matrixRows
    
        propVal
    
        trailer1TestAngle
    
        trailer2TestAngle
    
        MMBS1_ID
    
        SSTM1_ID
    
        SYNC1_ID
    
        TRCK1_ID1
    
        TRCK1_ID2
    
        TRCK1_ID3
    
        TRLS1_ID4
    
        TRLS1_ID5
    
        slotTime
    
    reqAngle
t2Angle
t1Angle
Gamma2
Gamma1
steering
position
control
SI_FreeHeap
SI_FreeStack
delta12K
mospeed
analogPot1
analogPot2
testCounter
SI_CPUload
local_ticks_interrupt
setSlotTime
slotSelected
boolCan
cw
ccw
canActive
